{
  BRUISES = {
    edible = {
      no = 0.34600760456274,
      yes = 0.65399239543726
    },
    poisonous = {
      no = 0.84065372829418,
      yes = 0.15934627170582
    }
  },
  CAPSHAPE = {
    edible = {
      bell = 0.096007604562738,
      convex = 0.46292775665399,
      flat = 0.37927756653992,
      knobbed = 0.054182509505703,
      sunken = 0.0076045627376426
    },
    poisonous = {
      bell = 0.012257405515832,
      conical = 0.0010214504596527,
      convex = 0.43615934627171,
      flat = 0.3973442288049,
      knobbed = 0.15321756894791
    }
  },
  COLOR = {
    edible = {
      brown = 0.30038022813688,
      buff = 0.011406844106464,
      cinnamo = 0.0076045627376426,
      gray = 0.24524714828897,
      green = 0.0038022813688213,
      pink = 0.013307984790875,
      purple = 0.0038022813688213,
      red = 0.14828897338403,
      white = 0.17110266159696,
      yellow = 0.095057034220532
    },
    poisonous = {
      brown = 0.26046986721144,
      buff = 0.030643513789581,
      cinnamo = 0.0030643513789581,
      gray = 0.20633299284985,
      pink = 0.02247191011236,
      red = 0.22369765066394,
      white = 0.081716036772217,
      yellow = 0.17160367722165
    }
  },
  ["GILL-ATTACHMENT"] = {
    edible = {
      attached = 0.045627376425856,
      free = 0.95437262357414
    },
    poisonous = {
      attached = 0.0045965270684372,
      free = 0.99540347293156
    }
  },
  ["GILL-COLOR"] = {
    edible = {
      black = 0.081749049429658,
      brown = 0.22243346007605,
      chocolate = 0.048479087452471,
      gray = 0.05893536121673,
      orange = 0.015209125475285,
      pink = 0.20247148288973,
      purple = 0.10551330798479,
      red = 0.022813688212928,
      unknown = 0.24239543726236
    },
    poisonous = {
      black = 0.016343207354443,
      brown = 0.028600612870276,
      buff = 0.44126659856997,
      chocolate = 0.13483146067416,
      gray = 0.12870275791624,
      green = 0.0061287027579162,
      pink = 0.16343207354443,
      purple = 0.012257405515832,
      unknown = 0.068437180796731
    }
  },
  ["GILL-SIZE"] = {
    edible = {
      broad = 0.93155893536122,
      narrow = 0.068441064638783
    },
    poisonous = {
      broad = 0.43207354443309,
      narrow = 0.56792645556691
    }
  },
  ["GILL-SPACING"] = {
    edible = {
      close = 0.7148288973384,
      crowded = 0.2851711026616
    },
    poisonous = {
      close = 0.97139938712972,
      crowded = 0.028600612870276
    }
  },
  HABITAT = {
    edible = {
      grasses = 0.33460076045627,
      leaves = 0.057034220532319,
      meadows = 0.060836501901141,
      path = 0.032319391634981,
      urban = 0.022813688212928,
      waste = 0.045627376425856,
      wood = 0.4467680608365
    },
    poisonous = {
      grasses = 0.18896833503575,
      leaves = 0.1511746680286,
      meadows = 0.0091930541368744,
      path = 0.25740551583248,
      urban = 0.069458631256384,
      wood = 0.32379979570991
    }
  },
  ODOR = {
    edible = {
      almond = 0.095057034220532,
      anise = 0.095057034220532,
      none = 0.80988593155894
    },
    poisonous = {
      creosote = 0.04902962206333,
      fishy = 0.14708886618999,
      foul = 0.55158324821246,
      musty = 0.0091930541368744,
      none = 0.030643513789581,
      pungent = 0.065372829417773,
      spicy = 0.14708886618999
    }
  },
  POPULATION = {
    edible = {
      abundant = 0.091254752851711,
      clustered = 0.068441064638783,
      numerous = 0.095057034220532,
      scattered = 0.20912547528517,
      several = 0.28326996197719,
      solitary = 0.25285171102662
    },
    poisonous = {
      clustered = 0.013278855975485,
      scattered = 0.093973442288049,
      several = 0.72727272727273,
      solitary = 0.16547497446374
    }
  },
  ["RING-NUMBER"] = {
    edible = {
      one = 0.8745247148289,
      two = 0.1254752851711
    },
    poisonous = {
      none = 0.0091930541368744,
      one = 0.97242083758938,
      two = 0.018386108273749
    }
  },
  ["RING-TYPE"] = {
    edible = {
      evanescent = 0.23954372623574,
      flaring = 0.011406844106464,
      pendant = 0.74904942965779
    },
    poisonous = {
      evanescent = 0.4514811031665,
      large = 0.33094994892748,
      none = 0.0091930541368744,
      pendant = 0.20837589376915
    }
  },
  ["SPORE-PRINT-COLOR"] = {
    edible = {
      black = 0.39163498098859,
      brown = 0.41444866920152,
      buff = 0.011406844106464,
      chocolate = 0.011406844106464,
      orange = 0.011406844106464,
      purple = 0.011406844106464,
      white = 0.13688212927757,
      yellow = 0.011406844106464
    },
    poisonous = {
      black = 0.057201225740552,
      brown = 0.057201225740552,
      chocolate = 0.40449438202247,
      green = 0.018386108273749,
      white = 0.46271705822268
    }
  },
  ["STALK-COLOR ABOVE-RING"] = {
    edible = {
      brown = 0.0038022813688213,
      gray = 0.13688212927757,
      orange = 0.045627376425856,
      pink = 0.13688212927757,
      red = 0.022813688212928,
      white = 0.65399239543726
    },
    poisonous = {
      brown = 0.11031664964249,
      buff = 0.11031664964249,
      cinnamo = 0.0091930541368744,
      pink = 0.33094994892748,
      white = 0.43718079673136,
      yellow = 0.0020429009193054
    }
  },
  ["STALK-COLOR-BELOW-RING"] = {
    edible = {
      brown = 0.015209125475285,
      gray = 0.13688212927757,
      orange = 0.045627376425856,
      pink = 0.13688212927757,
      red = 0.022813688212928,
      white = 0.6425855513308
    },
    poisonous = {
      brown = 0.1144024514811,
      buff = 0.11031664964249,
      cinnamo = 0.0091930541368744,
      pink = 0.33094994892748,
      white = 0.42900919305414,
      yellow = 0.0061287027579162
    }
  },
  ["STALK-ROOT"] = {
    edible = {
      bulbous = 0.45627376425856,
      club = 0.12167300380228,
      equal = 0.20532319391635,
      missing = 0.17110266159696,
      rooted = 0.045627376425856
    },
    poisonous = {
      bulbous = 0.47395301327886,
      club = 0.01123595505618,
      equal = 0.065372829417773,
      missing = 0.44943820224719
    }
  },
  ["STALK-SHAPE"] = {
    edible = {
      enlarging = 0.38403041825095,
      tapering = 0.61596958174905
    },
    poisonous = {
      enlarging = 0.48518896833504,
      tapering = 0.51481103166496
    }
  },
  ["STALK-SURFACE-ABOVE-RING"] = {
    edible = {
      fibrous = 0.096958174904943,
      scaly = 0.0038022813688213,
      silky = 0.034220532319392,
      smooth = 0.86501901140684
    },
    poisonous = {
      fibrous = 0.036772216547497,
      scaly = 0.0020429009193054,
      silky = 0.56894790602656,
      smooth = 0.39223697650664
    }
  },
  ["STALK-SURFACE-BELOW-RING"] = {
    edible = {
      fibrous = 0.10836501901141,
      scaly = 0.049429657794677,
      silky = 0.034220532319392,
      smooth = 0.80798479087452
    },
    poisonous = {
      fibrous = 0.036772216547497,
      scaly = 0.019407558733401,
      silky = 0.55158324821246,
      smooth = 0.39223697650664
    }
  },
  SURFACE = {
    edible = {
      fibrous = 0.37072243346008,
      scaly = 0.3574144486692,
      smooth = 0.27186311787072
    },
    poisonous = {
      fibrous = 0.19407558733401,
      grooves = 0.0010214504596527,
      scaly = 0.44433094994893,
      smooth = 0.36057201225741
    }
  },
  ["VEIL-COLOR"] = {
    edible = {
      brown = 0.022813688212928,
      orange = 0.022813688212928,
      white = 0.95437262357414
    },
    poisonous = {
      white = 0.99795709908069,
      yellow = 0.0020429009193054
    }
  },
  ["VEIL-TYPE"] = {
    edible = {
      partial = 1.0
    },
    poisonous = {
      partial = 1.0
    }
  }
}
